2022-08-09 10:57:16 INFO  CommonActionMethods:85 - standard_user is entered 
 2022-08-09 10:57:16 INFO  CommonActionMethods:85 - secret_sauce is entered 
 2022-08-09 10:57:16 INFO  CommonActionMethods:85 - login button is clicked  
 2022-08-09 10:57:16 INFO  CommonActionMethods:85 - hilo is selected in dropdown 
 2022-08-09 10:57:16 INFO  CommonActionMethods:85 - The list is in descending order. The highest value is 49.99
 2022-08-09 10:57:17 INFO  CommonActionMethods:85 - product 1 button is clicked  
 2022-08-09 10:57:17 INFO  CommonActionMethods:85 - product 2 button is clicked  
 2022-08-09 10:57:17 INFO  CommonActionMethods:85 - product 3 button is clicked  
 2022-08-09 10:57:17 INFO  CommonActionMethods:85 - clickCart button is clicked  
 2022-08-09 10:57:17 INFO  CommonActionMethods:85 - hamburger button is clicked  
 2022-08-09 10:57:17 INFO  CommonActionMethods:85 - Logout button is displayed 
 2022-08-09 10:57:18 INFO  CommonActionMethods:85 - The expected product name Sauce Labs Fleece Jacket matches the actual product name Sauce Labs Fleece Jacket
 2022-08-09 10:57:18 INFO  CommonActionMethods:85 - The expected product price $49.99 matches the actual product price $49.99
 2022-08-09 10:57:18 INFO  CommonActionMethods:85 - The expected product name Sauce Labs Backpack matches the actual product name Sauce Labs Backpack
 2022-08-09 10:57:18 INFO  CommonActionMethods:85 - The expected product price $29.99 matches the actual product price $29.99
 2022-08-09 10:57:18 INFO  CommonActionMethods:85 - The expected product name Sauce Labs Bolt T-Shirt matches the actual product name Sauce Labs Bolt T-Shirt
 2022-08-09 10:57:18 INFO  CommonActionMethods:85 - The expected product price $15.99 matches the actual product price $15.99
 2022-08-09 10:57:18 INFO  CommonActionMethods:85 - The expected product quantity 3 matches the actual product quantity 3
 2022-08-09 10:57:18 INFO  CommonActionMethods:85 - checkout button is clicked  
 2022-08-09 10:57:18 INFO  CommonActionMethods:85 - Arun is entered 
 2022-08-09 10:57:18 INFO  CommonActionMethods:85 - Sachin is entered 
 2022-08-09 10:57:18 INFO  CommonActionMethods:85 - 621700 is entered 
 2022-08-09 10:57:18 INFO  CommonActionMethods:85 - continue button is clicked  
 2022-08-09 10:57:18 INFO  CommonActionMethods:85 - finish button is clicked  
 2022-08-09 10:57:18 INFO  CommonActionMethods:85 - THANK YOU FOR YOUR ORDER is displayed 
 